c:\users\oliver.lebert\documents\github\fgnetworkinggameemil\build\server\vc142.pdb
c:\users\oliver.lebert\documents\github\fgnetworkinggameemil\build\server\vc142.idb
c:\users\oliver.lebert\documents\github\fgnetworkinggameemil\build\server\servermain.obj
c:\users\oliver.lebert\documents\github\fgnetworkinggameemil\build\server\server.obj
c:\users\oliver.lebert\documents\github\fgnetworkinggameemil\build\server\projectile.obj
c:\users\oliver.lebert\documents\github\fgnetworkinggameemil\build\server\player.obj
c:\users\oliver.lebert\documents\github\fgnetworkinggameemil\build\server\network.obj
c:\users\oliver.lebert\documents\github\fgnetworkinggameemil\build\server\engine.obj
c:\users\oliver.lebert\documents\github\fgnetworkinggameemil\build\server\clientmain.obj
c:\users\oliver.lebert\documents\github\fgnetworkinggameemil\build\server\client.obj
c:\users\oliver.lebert\documents\github\fgnetworkinggameemil\build\server\binarystream.obj
c:\users\emils\downloads\fgnetworkinggameemil-main\build\server\vc143.pdb
c:\users\emils\downloads\fgnetworkinggameemil-main\build\server\vc143.idb
c:\users\emils\downloads\fgnetworkinggameemil-main\build\server\servermain.obj
c:\users\emils\downloads\fgnetworkinggameemil-main\build\server\server.obj
c:\users\emils\downloads\fgnetworkinggameemil-main\build\server\projectile.obj
c:\users\emils\downloads\fgnetworkinggameemil-main\build\server\player.obj
c:\users\emils\downloads\fgnetworkinggameemil-main\build\server\network.obj
c:\users\emils\downloads\fgnetworkinggameemil-main\build\server\engine.obj
c:\users\emils\downloads\fgnetworkinggameemil-main\build\server\clientmain.obj
c:\users\emils\downloads\fgnetworkinggameemil-main\build\server\client.obj
c:\users\oliver.lebert\documents\github\fgnetworkinggameemil\bin\game_server.exe
c:\users\oliver.lebert\documents\github\fgnetworkinggameemil\bin\game_server.ilk
c:\users\oliver.lebert\documents\github\fgnetworkinggameemil\bin\game_server.pdb
c:\users\emils\downloads\fgnetworkinggameemil-main\build\server\game_server.ilk
c:\users\emils\downloads\fgnetworkinggameemil-main\bin\game_server.exe
c:\users\emils\downloads\fgnetworkinggameemil-main\bin\game_server.pdb
c:\users\emils\downloads\fgnetworkinggameemil-main\build\server\binarystream.obj
c:\users\emils\downloads\fgnetworkinggameemil-main\build\server\vc142.idb
c:\users\emils\downloads\fgnetworkinggameemil-main\build\server\vc142.pdb
c:\users\emils\downloads\fgnetworkinggameemil-main\build\server\tinyengine.tlog\cl.command.1.tlog
c:\users\emils\downloads\fgnetworkinggameemil-main\build\server\tinyengine.tlog\cl.read.1.tlog
c:\users\emils\downloads\fgnetworkinggameemil-main\build\server\tinyengine.tlog\cl.write.1.tlog
c:\users\emils\downloads\fgnetworkinggameemil-main\build\server\tinyengine.tlog\link.command.1.tlog
c:\users\emils\downloads\fgnetworkinggameemil-main\build\server\tinyengine.tlog\link.read.1.tlog
c:\users\emils\downloads\fgnetworkinggameemil-main\build\server\tinyengine.tlog\link.write.1.tlog
