c:\users\emils\downloads\fgnetworkinggameemil-main\build\client\vc143.pdb
c:\users\emils\downloads\fgnetworkinggameemil-main\build\client\vc143.idb
c:\users\emils\downloads\fgnetworkinggameemil-main\build\client\servermain.obj
c:\users\emils\downloads\fgnetworkinggameemil-main\build\client\server.obj
c:\users\emils\downloads\fgnetworkinggameemil-main\build\client\projectile.obj
c:\users\emils\downloads\fgnetworkinggameemil-main\build\client\player.obj
c:\users\emils\downloads\fgnetworkinggameemil-main\build\client\network.obj
c:\users\emils\downloads\fgnetworkinggameemil-main\build\client\engine.obj
c:\users\emils\downloads\fgnetworkinggameemil-main\build\client\clientmain.obj
c:\users\emils\downloads\fgnetworkinggameemil-main\build\client\client.obj
c:\users\emils\downloads\fgnetworkinggameemil-main\bin\game_client.exe
c:\users\emils\downloads\fgnetworkinggameemil-main\build\client\game_client.ilk
c:\users\emils\downloads\fgnetworkinggameemil-main\bin\game_client.pdb
c:\users\emils\downloads\fgnetworkinggameemil-main\build\client\binarystream.obj
c:\users\emils\downloads\fgnetworkinggameemil-main\build\client\vc142.idb
c:\users\emils\downloads\fgnetworkinggameemil-main\build\client\vc142.pdb
c:\users\emils\downloads\fgnetworkinggameemil-main\build\client\tinyengine.tlog\cl.command.1.tlog
c:\users\emils\downloads\fgnetworkinggameemil-main\build\client\tinyengine.tlog\cl.read.1.tlog
c:\users\emils\downloads\fgnetworkinggameemil-main\build\client\tinyengine.tlog\cl.write.1.tlog
c:\users\emils\downloads\fgnetworkinggameemil-main\build\client\tinyengine.tlog\link.command.1.tlog
c:\users\emils\downloads\fgnetworkinggameemil-main\build\client\tinyengine.tlog\link.read.1.tlog
c:\users\emils\downloads\fgnetworkinggameemil-main\build\client\tinyengine.tlog\link.write.1.tlog
